[debug] [2023-12-17T13:01:49.821Z] ----------------------------------------------------------------------
[debug] [2023-12-17T13:01:49.823Z] Command:       C:\Program Files\nodejs\node.exe C:\Users\vifon\AppData\Roaming\npm\node_modules\firebase-tools\lib\bin\firebase.js init
[debug] [2023-12-17T13:01:49.823Z] CLI Version:   13.0.2
[debug] [2023-12-17T13:01:49.823Z] Platform:      win32
[debug] [2023-12-17T13:01:49.823Z] Node Version:  v18.16.0
[debug] [2023-12-17T13:01:49.824Z] Time:          Sun Dec 17 2023 14:01:49 GMT+0100 (czas środkowoeuropejski standardowy)
[debug] [2023-12-17T13:01:49.824Z] ----------------------------------------------------------------------
[debug] 
[debug] [2023-12-17T13:01:49.826Z] >>> [apiv2][query] GET https://firebase-public.firebaseio.com/cli.json [none]
[debug] [2023-12-17T13:01:49.855Z] > command requires scopes: ["email","openid","https://www.googleapis.com/auth/cloudplatformprojects.readonly","https://www.googleapis.com/auth/firebase","https://www.googleapis.com/auth/cloud-platform"]
[debug] [2023-12-17T13:01:49.855Z] > authorizing via signed-in user (sawicki.patryk129@gmail.com)
[info] 
     ######## #### ########  ######## ########     ###     ######  ########
     ##        ##  ##     ## ##       ##     ##  ##   ##  ##       ##
     ######    ##  ########  ######   ########  #########  ######  ######
     ##        ##  ##    ##  ##       ##     ## ##     ##       ## ##
     ##       #### ##     ## ######## ########  ##     ##  ######  ########

You're about to initialize a Firebase project in this directory:

  C:\Users\vifon\Desktop\website

[debug] [2023-12-17T13:01:50.152Z] <<< [apiv2][status] GET https://firebase-public.firebaseio.com/cli.json 200
[debug] [2023-12-17T13:01:50.152Z] <<< [apiv2][body] GET https://firebase-public.firebaseio.com/cli.json {"cloudBuildErrorAfter":1594252800000,"cloudBuildWarnAfter":1590019200000,"defaultNode10After":1594252800000,"minVersion":"3.0.5","node8DeploysDisabledAfter":1613390400000,"node8RuntimeDisabledAfter":1615809600000,"node8WarnAfter":1600128000000}
